<?xml version="1.0" encoding="UTF-8"?>
<!-- Generated by org.testng.reporters.JUnitReportReporter -->
<testsuite hostname="DESKTOP-U6KPM7I" failures="0" tests="3" name="testNG.test1" time="0.009" errors="0" timestamp="2023-08-25T10:16:11 IST" skipped="0">
  <testcase classname="testNG.test1" name="login" time="0.001"/>
  <system-out/>
  <testcase classname="testNG.test1" name="name" time="0.003"/>
  <system-out/>
  <testcase classname="testNG.test1" name="Cart" time="0.005"/>
  <system-out/>
</testsuite> <!-- testNG.test1 -->
