<?xml version="1.0" encoding="UTF-8"?>
<!-- Generated by org.testng.reporters.JUnitReportReporter -->
<testsuite hostname="DESKTOP-U6KPM7I" failures="0" tests="1" name="testNG.TestPack1" time="0.009" errors="0" timestamp="2023-08-25T09:33:50 IST" skipped="0">
  <testcase classname="testNG.TestPack1" name="test_pack" time="0.009"/>
  <system-out/>
</testsuite> <!-- testNG.TestPack1 -->
