<?xml version="1.0" encoding="UTF-8"?>
<!-- Generated by org.testng.reporters.JUnitReportReporter -->
<testsuite hostname="DESKTOP-U6KPM7I" failures="0" tests="2" name="ISuiteListener.Testclass1" time="0.027" errors="0" timestamp="2023-08-25T13:19:35 IST" skipped="0">
  <testcase classname="ISuiteListener.Testclass1" name="testpack1" time="0.004"/>
  <system-out/>
  <testcase classname="ISuiteListener.Testclass1" name="testpack1" time="0.023"/>
  <system-out/>
</testsuite> <!-- ISuiteListener.Testclass1 -->
