<?xml version="1.0" encoding="UTF-8"?>
<!-- Generated by org.testng.reporters.JUnitReportReporter -->
<testsuite hostname="DESKTOP-U6KPM7I" failures="0" tests="1" name="testNG.NewTest" time="0.004" errors="0" timestamp="2023-08-25T10:16:11 IST" skipped="0">
  <testcase classname="testNG.NewTest" name="f" time="0.004"/>
  <system-out/>
</testsuite> <!-- testNG.NewTest -->
