<?xml version="1.0" encoding="UTF-8"?>
<!-- Generated by org.testng.reporters.JUnitReportReporter -->
<testsuite hostname="DESKTOP-U6KPM7I" failures="0" tests="1" name="testNG.softAssartss" time="3.649" errors="0" timestamp="2023-08-25T10:16:11 IST" skipped="0">
  <testcase classname="testNG.softAssartss" name="Test" time="3.649"/>
  <system-out/>
</testsuite> <!-- testNG.softAssartss -->
